<?xml version="1.0" encoding="UTF-8"?>
<testng-results ignored="0" total="2" passed="2" failed="0" skipped="0">
  <reporter-output>
  </reporter-output>
  <suite started-at="2022-03-23T22:48:19 IST" name="Suite" finished-at="2022-03-23T22:50:27 IST" duration-ms="128451">
    <groups>
    </groups>
    <test started-at="2022-03-23T22:48:19 IST" name="Test" finished-at="2022-03-23T22:50:27 IST" duration-ms="128451">
      <class name="com.simplilearn.Phase_5_Project2.FacebookLogin">
        <test-method signature="launchFB()[pri:0, instance:com.simplilearn.Phase_5_Project2.FacebookLogin@dbf57b3]" started-at="2022-03-23T22:48:19 IST" name="launchFB" finished-at="2022-03-23T22:50:21 IST" duration-ms="121424" status="PASS">
          <reporter-output>
          </reporter-output>
        </test-method> <!-- launchFB -->
        <test-method signature="login()[pri:0, instance:com.simplilearn.Phase_5_Project2.FacebookLogin@dbf57b3]" started-at="2022-03-23T22:50:21 IST" name="login" finished-at="2022-03-23T22:50:27 IST" depends-on-methods="com.simplilearn.Phase_5_Project2.FacebookLogin.launchFB" duration-ms="6611" status="PASS">
          <reporter-output>
          </reporter-output>
        </test-method> <!-- login -->
      </class> <!-- com.simplilearn.Phase_5_Project2.FacebookLogin -->
    </test> <!-- Test -->
  </suite> <!-- Suite -->
</testng-results>
