<?xml version="1.0" encoding="UTF-8"?>
<testng-results ignored="0" total="2" passed="2" failed="0" skipped="0">
  <reporter-output>
  </reporter-output>
  <suite started-at="2022-03-21T15:24:07 IST" name="Default suite" finished-at="2022-03-21T15:25:13 IST" duration-ms="66194">
    <groups>
    </groups>
    <test started-at="2022-03-21T15:24:07 IST" name="Default test" finished-at="2022-03-21T15:25:13 IST" duration-ms="66194">
      <class name="com.simplilearn.seleniumJenkins.FacebookTest">
        <test-method is-config="true" signature="beforeMethod()[pri:0, instance:com.simplilearn.seleniumJenkins.FacebookTest@32eff876]" started-at="2022-03-21T15:24:07 IST" name="beforeMethod" finished-at="2022-03-21T15:24:07 IST" duration-ms="26" status="PASS">
          <reporter-output>
          </reporter-output>
        </test-method> <!-- beforeMethod -->
        <test-method signature="launchFB()[pri:0, instance:com.simplilearn.seleniumJenkins.FacebookTest@32eff876]" started-at="2022-03-21T15:24:07 IST" name="launchFB" finished-at="2022-03-21T15:25:10 IST" duration-ms="63024" status="PASS">
          <reporter-output>
          </reporter-output>
        </test-method> <!-- launchFB -->
        <test-method is-config="true" signature="afterMethod()[pri:0, instance:com.simplilearn.seleniumJenkins.FacebookTest@32eff876]" started-at="2022-03-21T15:25:10 IST" name="afterMethod" finished-at="2022-03-21T15:25:10 IST" duration-ms="1" status="PASS">
          <reporter-output>
          </reporter-output>
        </test-method> <!-- afterMethod -->
        <test-method is-config="true" signature="beforeMethod()[pri:0, instance:com.simplilearn.seleniumJenkins.FacebookTest@32eff876]" started-at="2022-03-21T15:25:10 IST" name="beforeMethod" finished-at="2022-03-21T15:25:10 IST" duration-ms="0" status="PASS">
          <reporter-output>
          </reporter-output>
        </test-method> <!-- beforeMethod -->
        <test-method signature="titleTest()[pri:0, instance:com.simplilearn.seleniumJenkins.FacebookTest@32eff876]" started-at="2022-03-21T15:25:10 IST" name="titleTest" finished-at="2022-03-21T15:25:13 IST" depends-on-methods="com.simplilearn.seleniumJenkins.FacebookTest.launchFB" duration-ms="2927" status="PASS">
          <reporter-output>
          </reporter-output>
        </test-method> <!-- titleTest -->
        <test-method is-config="true" signature="afterMethod()[pri:0, instance:com.simplilearn.seleniumJenkins.FacebookTest@32eff876]" started-at="2022-03-21T15:25:13 IST" name="afterMethod" finished-at="2022-03-21T15:25:13 IST" duration-ms="1" status="PASS">
          <reporter-output>
          </reporter-output>
        </test-method> <!-- afterMethod -->
      </class> <!-- com.simplilearn.seleniumJenkins.FacebookTest -->
    </test> <!-- Default test -->
  </suite> <!-- Default suite -->
</testng-results>
